c:\users\anhph\source\repos\opengllearning2\x64\debug\vc142.pdb
c:\users\anhph\source\repos\opengllearning2\x64\debug\vc142.idb
c:\users\anhph\source\repos\opengllearning2\x64\debug\windowcontroller.obj
c:\users\anhph\source\repos\opengllearning2\x64\debug\texture.obj
c:\users\anhph\source\repos\opengllearning2\x64\debug\stb_image.obj
c:\users\anhph\source\repos\opengllearning2\x64\debug\shader.obj
c:\users\anhph\source\repos\opengllearning2\x64\debug\mesh.obj
c:\users\anhph\source\repos\opengllearning2\x64\debug\main.obj
c:\users\anhph\source\repos\opengllearning2\x64\debug\gamecontroller.obj
c:\users\anhph\source\repos\opengllearning2\x64\debug\font.obj
c:\users\anhph\source\repos\opengllearning2\x64\debug\camera.obj
c:\users\anhph\source\repos\opengllearning2\x64\debug\opengllearning2.ilk
c:\users\anhph\source\repos\opengllearning2\x64\debug\opengllearning2.exe
c:\users\anhph\source\repos\opengllearning2\x64\debug\opengllearning2.pdb
c:\users\anhph\source\repos\opengllearning2\x64\debug\opengllearning2.tlog\cl.command.1.tlog
c:\users\anhph\source\repos\opengllearning2\x64\debug\opengllearning2.tlog\cl.read.1.tlog
c:\users\anhph\source\repos\opengllearning2\x64\debug\opengllearning2.tlog\cl.write.1.tlog
c:\users\anhph\source\repos\opengllearning2\x64\debug\opengllearning2.tlog\link.command.1.tlog
c:\users\anhph\source\repos\opengllearning2\x64\debug\opengllearning2.tlog\link.read.1.tlog
c:\users\anhph\source\repos\opengllearning2\x64\debug\opengllearning2.tlog\link.write.1.tlog
